M:\QANTM\GAM302\ASSESSMENT 3 - SPACEECONOSIM\SPACEECONOSIM 2010 SFML2\DEBUG\SPACEECONSIM.EXE
M:\QANTM\GAM302\ASSESSMENT 3 - SPACEECONOSIM\SPACEECONOSIM 2010 SFML2\DEBUG\SPACEECONSIM.ILK
M:\QANTM\GAM302\ASSESSMENT 3 - SPACEECONOSIM\SPACEECONOSIM 2010 SFML2\DEBUG\SPACEECONSIM.PDB
M:\QANTM\GAM302\ASSESSMENT 3 - SPACEECONOSIM\SPACEECONOSIM 2010 SFML2\SPACEECONSIM\DEBUG\ANIM.OBJ
M:\QANTM\GAM302\ASSESSMENT 3 - SPACEECONOSIM\SPACEECONOSIM 2010 SFML2\SPACEECONSIM\DEBUG\APP.OBJ
M:\QANTM\GAM302\ASSESSMENT 3 - SPACEECONOSIM\SPACEECONOSIM 2010 SFML2\SPACEECONSIM\DEBUG\ASTEROIDBELT.OBJ
M:\Qantm\GAM302\Assessment 3 - SpaceEconoSim\SpaceEconoSim 2010 sfml2\SpaceEconSim\Debug\cl.command.1.tlog
M:\Qantm\GAM302\Assessment 3 - SpaceEconoSim\SpaceEconoSim 2010 sfml2\SpaceEconSim\Debug\CL.read.1.tlog
M:\Qantm\GAM302\Assessment 3 - SpaceEconoSim\SpaceEconoSim 2010 sfml2\SpaceEconSim\Debug\CL.write.1.tlog
M:\QANTM\GAM302\ASSESSMENT 3 - SPACEECONOSIM\SPACEECONOSIM 2010 SFML2\SPACEECONSIM\DEBUG\GAME.OBJ
M:\QANTM\GAM302\ASSESSMENT 3 - SPACEECONOSIM\SPACEECONOSIM 2010 SFML2\SPACEECONSIM\DEBUG\GAMEHELPERS.OBJ
M:\QANTM\GAM302\ASSESSMENT 3 - SPACEECONOSIM\SPACEECONOSIM 2010 SFML2\SPACEECONSIM\DEBUG\GAMEINST.OBJ
M:\QANTM\GAM302\ASSESSMENT 3 - SPACEECONOSIM\SPACEECONOSIM 2010 SFML2\SPACEECONSIM\DEBUG\GUI_COMPANYDETAIL.OBJ
M:\QANTM\GAM302\ASSESSMENT 3 - SPACEECONOSIM\SPACEECONOSIM 2010 SFML2\SPACEECONSIM\DEBUG\GUI_SETTLEMENTDETAIL.OBJ
M:\QANTM\GAM302\ASSESSMENT 3 - SPACEECONOSIM\SPACEECONOSIM 2010 SFML2\SPACEECONSIM\DEBUG\GUI_SETTLEMENTLIST.OBJ
M:\QANTM\GAM302\ASSESSMENT 3 - SPACEECONOSIM\SPACEECONOSIM 2010 SFML2\SPACEECONSIM\DEBUG\GUI_SYSTEMDETAIL.OBJ
M:\QANTM\GAM302\ASSESSMENT 3 - SPACEECONOSIM\SPACEECONOSIM 2010 SFML2\SPACEECONSIM\DEBUG\GUI_SYSTEMLIST.OBJ
M:\QANTM\GAM302\ASSESSMENT 3 - SPACEECONOSIM\SPACEECONOSIM 2010 SFML2\SPACEECONSIM\DEBUG\GUI_TRADERDETAIL.OBJ
M:\QANTM\GAM302\ASSESSMENT 3 - SPACEECONOSIM\SPACEECONOSIM 2010 SFML2\SPACEECONSIM\DEBUG\GUI_TRADERLIST.OBJ
M:\QANTM\GAM302\ASSESSMENT 3 - SPACEECONOSIM\SPACEECONOSIM 2010 SFML2\SPACEECONSIM\DEBUG\GUICON.OBJ
M:\QANTM\GAM302\ASSESSMENT 3 - SPACEECONOSIM\SPACEECONOSIM 2010 SFML2\SPACEECONSIM\DEBUG\GUIMANAGER.OBJ
M:\QANTM\GAM302\ASSESSMENT 3 - SPACEECONOSIM\SPACEECONOSIM 2010 SFML2\SPACEECONSIM\DEBUG\HABITABLEOBJECT.OBJ
M:\QANTM\GAM302\ASSESSMENT 3 - SPACEECONOSIM\SPACEECONOSIM 2010 SFML2\SPACEECONSIM\DEBUG\HELPERS.OBJ
M:\QANTM\GAM302\ASSESSMENT 3 - SPACEECONOSIM\SPACEECONOSIM 2010 SFML2\SPACEECONSIM\DEBUG\INFRASTRUCTURE.OBJ
M:\QANTM\GAM302\ASSESSMENT 3 - SPACEECONOSIM\SPACEECONOSIM 2010 SFML2\SPACEECONSIM\DEBUG\INPUTHANDLER.OBJ
M:\Qantm\GAM302\Assessment 3 - SpaceEconoSim\SpaceEconoSim 2010 sfml2\SpaceEconSim\Debug\link.12556.read.1.tlog
M:\Qantm\GAM302\Assessment 3 - SpaceEconoSim\SpaceEconoSim 2010 sfml2\SpaceEconSim\Debug\link.12556.write.1.tlog
M:\Qantm\GAM302\Assessment 3 - SpaceEconoSim\SpaceEconoSim 2010 sfml2\SpaceEconSim\Debug\link.12556-cvtres.read.1.tlog
M:\Qantm\GAM302\Assessment 3 - SpaceEconoSim\SpaceEconoSim 2010 sfml2\SpaceEconSim\Debug\link.12556-cvtres.write.1.tlog
M:\Qantm\GAM302\Assessment 3 - SpaceEconoSim\SpaceEconoSim 2010 sfml2\SpaceEconSim\Debug\link.23592.read.1.tlog
M:\Qantm\GAM302\Assessment 3 - SpaceEconoSim\SpaceEconoSim 2010 sfml2\SpaceEconSim\Debug\link.23592.write.1.tlog
M:\Qantm\GAM302\Assessment 3 - SpaceEconoSim\SpaceEconoSim 2010 sfml2\SpaceEconSim\Debug\link.23592-cvtres.read.1.tlog
M:\Qantm\GAM302\Assessment 3 - SpaceEconoSim\SpaceEconoSim 2010 sfml2\SpaceEconSim\Debug\link.23592-cvtres.write.1.tlog
M:\Qantm\GAM302\Assessment 3 - SpaceEconoSim\SpaceEconoSim 2010 sfml2\SpaceEconSim\Debug\link.23656.read.1.tlog
M:\Qantm\GAM302\Assessment 3 - SpaceEconoSim\SpaceEconoSim 2010 sfml2\SpaceEconSim\Debug\link.23656.write.1.tlog
M:\Qantm\GAM302\Assessment 3 - SpaceEconoSim\SpaceEconoSim 2010 sfml2\SpaceEconSim\Debug\link.23656-cvtres.read.1.tlog
M:\Qantm\GAM302\Assessment 3 - SpaceEconoSim\SpaceEconoSim 2010 sfml2\SpaceEconSim\Debug\link.23656-cvtres.write.1.tlog
M:\Qantm\GAM302\Assessment 3 - SpaceEconoSim\SpaceEconoSim 2010 sfml2\SpaceEconSim\Debug\link.23676.read.1.tlog
M:\Qantm\GAM302\Assessment 3 - SpaceEconoSim\SpaceEconoSim 2010 sfml2\SpaceEconSim\Debug\link.23676.write.1.tlog
M:\Qantm\GAM302\Assessment 3 - SpaceEconoSim\SpaceEconoSim 2010 sfml2\SpaceEconSim\Debug\link.23676-cvtres.read.1.tlog
M:\Qantm\GAM302\Assessment 3 - SpaceEconoSim\SpaceEconoSim 2010 sfml2\SpaceEconSim\Debug\link.23676-cvtres.write.1.tlog
M:\Qantm\GAM302\Assessment 3 - SpaceEconoSim\SpaceEconoSim 2010 sfml2\SpaceEconSim\Debug\link.24416.read.1.tlog
M:\Qantm\GAM302\Assessment 3 - SpaceEconoSim\SpaceEconoSim 2010 sfml2\SpaceEconSim\Debug\link.24416.write.1.tlog
M:\Qantm\GAM302\Assessment 3 - SpaceEconoSim\SpaceEconoSim 2010 sfml2\SpaceEconSim\Debug\link.24416-cvtres.read.1.tlog
M:\Qantm\GAM302\Assessment 3 - SpaceEconoSim\SpaceEconoSim 2010 sfml2\SpaceEconSim\Debug\link.24416-cvtres.write.1.tlog
M:\Qantm\GAM302\Assessment 3 - SpaceEconoSim\SpaceEconoSim 2010 sfml2\SpaceEconSim\Debug\link.25064.read.1.tlog
M:\Qantm\GAM302\Assessment 3 - SpaceEconoSim\SpaceEconoSim 2010 sfml2\SpaceEconSim\Debug\link.25064.write.1.tlog
M:\Qantm\GAM302\Assessment 3 - SpaceEconoSim\SpaceEconoSim 2010 sfml2\SpaceEconSim\Debug\link.25064-cvtres.read.1.tlog
M:\Qantm\GAM302\Assessment 3 - SpaceEconoSim\SpaceEconoSim 2010 sfml2\SpaceEconSim\Debug\link.25064-cvtres.write.1.tlog
M:\Qantm\GAM302\Assessment 3 - SpaceEconoSim\SpaceEconoSim 2010 sfml2\SpaceEconSim\Debug\link.25500.read.1.tlog
M:\Qantm\GAM302\Assessment 3 - SpaceEconoSim\SpaceEconoSim 2010 sfml2\SpaceEconSim\Debug\link.25500.write.1.tlog
M:\Qantm\GAM302\Assessment 3 - SpaceEconoSim\SpaceEconoSim 2010 sfml2\SpaceEconSim\Debug\link.25500-cvtres.read.1.tlog
M:\Qantm\GAM302\Assessment 3 - SpaceEconoSim\SpaceEconoSim 2010 sfml2\SpaceEconSim\Debug\link.25500-cvtres.write.1.tlog
M:\Qantm\GAM302\Assessment 3 - SpaceEconoSim\SpaceEconoSim 2010 sfml2\SpaceEconSim\Debug\link.27724.read.1.tlog
M:\Qantm\GAM302\Assessment 3 - SpaceEconoSim\SpaceEconoSim 2010 sfml2\SpaceEconSim\Debug\link.27724.write.1.tlog
M:\Qantm\GAM302\Assessment 3 - SpaceEconoSim\SpaceEconoSim 2010 sfml2\SpaceEconSim\Debug\link.27724-cvtres.read.1.tlog
M:\Qantm\GAM302\Assessment 3 - SpaceEconoSim\SpaceEconoSim 2010 sfml2\SpaceEconSim\Debug\link.27724-cvtres.write.1.tlog
M:\Qantm\GAM302\Assessment 3 - SpaceEconoSim\SpaceEconoSim 2010 sfml2\SpaceEconSim\Debug\link.41156.read.1.tlog
M:\Qantm\GAM302\Assessment 3 - SpaceEconoSim\SpaceEconoSim 2010 sfml2\SpaceEconSim\Debug\link.41156.write.1.tlog
M:\Qantm\GAM302\Assessment 3 - SpaceEconoSim\SpaceEconoSim 2010 sfml2\SpaceEconSim\Debug\link.41156-cvtres.read.1.tlog
M:\Qantm\GAM302\Assessment 3 - SpaceEconoSim\SpaceEconoSim 2010 sfml2\SpaceEconSim\Debug\link.41156-cvtres.write.1.tlog
M:\Qantm\GAM302\Assessment 3 - SpaceEconoSim\SpaceEconoSim 2010 sfml2\SpaceEconSim\Debug\link.43092.read.1.tlog
M:\Qantm\GAM302\Assessment 3 - SpaceEconoSim\SpaceEconoSim 2010 sfml2\SpaceEconSim\Debug\link.43092.write.1.tlog
M:\Qantm\GAM302\Assessment 3 - SpaceEconoSim\SpaceEconoSim 2010 sfml2\SpaceEconSim\Debug\link.43092-cvtres.read.1.tlog
M:\Qantm\GAM302\Assessment 3 - SpaceEconoSim\SpaceEconoSim 2010 sfml2\SpaceEconSim\Debug\link.43092-cvtres.write.1.tlog
M:\Qantm\GAM302\Assessment 3 - SpaceEconoSim\SpaceEconoSim 2010 sfml2\SpaceEconSim\Debug\link.43360.read.1.tlog
M:\Qantm\GAM302\Assessment 3 - SpaceEconoSim\SpaceEconoSim 2010 sfml2\SpaceEconSim\Debug\link.43360.write.1.tlog
M:\Qantm\GAM302\Assessment 3 - SpaceEconoSim\SpaceEconoSim 2010 sfml2\SpaceEconSim\Debug\link.43360-cvtres.read.1.tlog
M:\Qantm\GAM302\Assessment 3 - SpaceEconoSim\SpaceEconoSim 2010 sfml2\SpaceEconSim\Debug\link.43360-cvtres.write.1.tlog
M:\Qantm\GAM302\Assessment 3 - SpaceEconoSim\SpaceEconoSim 2010 sfml2\SpaceEconSim\Debug\link.43876.read.1.tlog
M:\Qantm\GAM302\Assessment 3 - SpaceEconoSim\SpaceEconoSim 2010 sfml2\SpaceEconSim\Debug\link.43876.write.1.tlog
M:\Qantm\GAM302\Assessment 3 - SpaceEconoSim\SpaceEconoSim 2010 sfml2\SpaceEconSim\Debug\link.43876-cvtres.read.1.tlog
M:\Qantm\GAM302\Assessment 3 - SpaceEconoSim\SpaceEconoSim 2010 sfml2\SpaceEconSim\Debug\link.43876-cvtres.write.1.tlog
M:\Qantm\GAM302\Assessment 3 - SpaceEconoSim\SpaceEconoSim 2010 sfml2\SpaceEconSim\Debug\link.43976.read.1.tlog
M:\Qantm\GAM302\Assessment 3 - SpaceEconoSim\SpaceEconoSim 2010 sfml2\SpaceEconSim\Debug\link.43976.write.1.tlog
M:\Qantm\GAM302\Assessment 3 - SpaceEconoSim\SpaceEconoSim 2010 sfml2\SpaceEconSim\Debug\link.43976-cvtres.read.1.tlog
M:\Qantm\GAM302\Assessment 3 - SpaceEconoSim\SpaceEconoSim 2010 sfml2\SpaceEconSim\Debug\link.43976-cvtres.write.1.tlog
M:\Qantm\GAM302\Assessment 3 - SpaceEconoSim\SpaceEconoSim 2010 sfml2\SpaceEconSim\Debug\link.44212.read.1.tlog
M:\Qantm\GAM302\Assessment 3 - SpaceEconoSim\SpaceEconoSim 2010 sfml2\SpaceEconSim\Debug\link.44212.write.1.tlog
M:\Qantm\GAM302\Assessment 3 - SpaceEconoSim\SpaceEconoSim 2010 sfml2\SpaceEconSim\Debug\link.44212-cvtres.read.1.tlog
M:\Qantm\GAM302\Assessment 3 - SpaceEconoSim\SpaceEconoSim 2010 sfml2\SpaceEconSim\Debug\link.44212-cvtres.write.1.tlog
M:\Qantm\GAM302\Assessment 3 - SpaceEconoSim\SpaceEconoSim 2010 sfml2\SpaceEconSim\Debug\link.46120.read.1.tlog
M:\Qantm\GAM302\Assessment 3 - SpaceEconoSim\SpaceEconoSim 2010 sfml2\SpaceEconSim\Debug\link.46120.write.1.tlog
M:\Qantm\GAM302\Assessment 3 - SpaceEconoSim\SpaceEconoSim 2010 sfml2\SpaceEconSim\Debug\link.46120-cvtres.read.1.tlog
M:\Qantm\GAM302\Assessment 3 - SpaceEconoSim\SpaceEconoSim 2010 sfml2\SpaceEconSim\Debug\link.46120-cvtres.write.1.tlog
M:\Qantm\GAM302\Assessment 3 - SpaceEconoSim\SpaceEconoSim 2010 sfml2\SpaceEconSim\Debug\link.47628.read.1.tlog
M:\Qantm\GAM302\Assessment 3 - SpaceEconoSim\SpaceEconoSim 2010 sfml2\SpaceEconSim\Debug\link.47628.write.1.tlog
M:\Qantm\GAM302\Assessment 3 - SpaceEconoSim\SpaceEconoSim 2010 sfml2\SpaceEconSim\Debug\link.47628-cvtres.read.1.tlog
M:\Qantm\GAM302\Assessment 3 - SpaceEconoSim\SpaceEconoSim 2010 sfml2\SpaceEconSim\Debug\link.47628-cvtres.write.1.tlog
M:\Qantm\GAM302\Assessment 3 - SpaceEconoSim\SpaceEconoSim 2010 sfml2\SpaceEconSim\Debug\link.61456.read.1.tlog
M:\Qantm\GAM302\Assessment 3 - SpaceEconoSim\SpaceEconoSim 2010 sfml2\SpaceEconSim\Debug\link.61456.write.1.tlog
M:\Qantm\GAM302\Assessment 3 - SpaceEconoSim\SpaceEconoSim 2010 sfml2\SpaceEconSim\Debug\link.61456-cvtres.read.1.tlog
M:\Qantm\GAM302\Assessment 3 - SpaceEconoSim\SpaceEconoSim 2010 sfml2\SpaceEconSim\Debug\link.61456-cvtres.write.1.tlog
M:\Qantm\GAM302\Assessment 3 - SpaceEconoSim\SpaceEconoSim 2010 sfml2\SpaceEconSim\Debug\link.command.1.tlog
M:\Qantm\GAM302\Assessment 3 - SpaceEconoSim\SpaceEconoSim 2010 sfml2\SpaceEconSim\Debug\link.read.1.tlog
M:\Qantm\GAM302\Assessment 3 - SpaceEconoSim\SpaceEconoSim 2010 sfml2\SpaceEconSim\Debug\link.write.1.tlog
M:\Qantm\GAM302\Assessment 3 - SpaceEconoSim\SpaceEconoSim 2010 sfml2\SpaceEconSim\Debug\link-cvtres.read.1.tlog
M:\Qantm\GAM302\Assessment 3 - SpaceEconoSim\SpaceEconoSim 2010 sfml2\SpaceEconSim\Debug\link-cvtres.write.1.tlog
M:\QANTM\GAM302\ASSESSMENT 3 - SPACEECONOSIM\SPACEECONOSIM 2010 SFML2\SPACEECONSIM\DEBUG\MAIN.OBJ
M:\QANTM\GAM302\ASSESSMENT 3 - SPACEECONOSIM\SPACEECONOSIM 2010 SFML2\SPACEECONSIM\DEBUG\MAINMENU.OBJ
M:\Qantm\GAM302\Assessment 3 - SpaceEconoSim\SpaceEconoSim 2010 sfml2\SpaceEconSim\Debug\mt.command.1.tlog
M:\Qantm\GAM302\Assessment 3 - SpaceEconoSim\SpaceEconoSim 2010 sfml2\SpaceEconSim\Debug\mt.read.1.tlog
M:\Qantm\GAM302\Assessment 3 - SpaceEconoSim\SpaceEconoSim 2010 sfml2\SpaceEconSim\Debug\mt.write.1.tlog
M:\QANTM\GAM302\ASSESSMENT 3 - SPACEECONOSIM\SPACEECONOSIM 2010 SFML2\SPACEECONSIM\DEBUG\OPTIONSMENU.OBJ
M:\QANTM\GAM302\ASSESSMENT 3 - SPACEECONOSIM\SPACEECONOSIM 2010 SFML2\SPACEECONSIM\DEBUG\PLANET.OBJ
M:\QANTM\GAM302\ASSESSMENT 3 - SPACEECONOSIM\SPACEECONOSIM 2010 SFML2\SPACEECONSIM\DEBUG\POPULATION.OBJ
M:\QANTM\GAM302\ASSESSMENT 3 - SPACEECONOSIM\SPACEECONOSIM 2010 SFML2\SPACEECONSIM\DEBUG\PRODUCTION.OBJ
M:\Qantm\GAM302\Assessment 3 - SpaceEconoSim\SpaceEconoSim 2010 sfml2\SpaceEconSim\Debug\rc.command.1.tlog
M:\Qantm\GAM302\Assessment 3 - SpaceEconoSim\SpaceEconoSim 2010 sfml2\SpaceEconSim\Debug\rc.read.1.tlog
M:\Qantm\GAM302\Assessment 3 - SpaceEconoSim\SpaceEconoSim 2010 sfml2\SpaceEconSim\Debug\rc.write.1.tlog
M:\QANTM\GAM302\ASSESSMENT 3 - SPACEECONOSIM\SPACEECONOSIM 2010 SFML2\SPACEECONSIM\DEBUG\RENDERER.OBJ
M:\QANTM\GAM302\ASSESSMENT 3 - SPACEECONOSIM\SPACEECONOSIM 2010 SFML2\SPACEECONSIM\DEBUG\RESOURCEMANAGER.OBJ
M:\QANTM\GAM302\ASSESSMENT 3 - SPACEECONOSIM\SPACEECONOSIM 2010 SFML2\SPACEECONSIM\DEBUG\SCENE.OBJ
M:\QANTM\GAM302\ASSESSMENT 3 - SPACEECONOSIM\SPACEECONOSIM 2010 SFML2\SPACEECONSIM\DEBUG\SCENEMANAGER.OBJ
M:\QANTM\GAM302\ASSESSMENT 3 - SPACEECONOSIM\SPACEECONOSIM 2010 SFML2\SPACEECONSIM\DEBUG\SCENETRAVERSALS.OBJ
M:\QANTM\GAM302\ASSESSMENT 3 - SPACEECONOSIM\SPACEECONOSIM 2010 SFML2\SPACEECONSIM\DEBUG\SELECTLISTENER.OBJ
M:\QANTM\GAM302\ASSESSMENT 3 - SPACEECONOSIM\SPACEECONOSIM 2010 SFML2\SPACEECONSIM\DEBUG\SHIP.OBJ
M:\QANTM\GAM302\ASSESSMENT 3 - SPACEECONOSIM\SPACEECONOSIM 2010 SFML2\SPACEECONSIM\DEBUG\SPACEECONSIM.EXE.EMBED.MANIFEST
M:\QANTM\GAM302\ASSESSMENT 3 - SPACEECONOSIM\SPACEECONOSIM 2010 SFML2\SPACEECONSIM\DEBUG\SPACEECONSIM.EXE.EMBED.MANIFEST.RES
M:\QANTM\GAM302\ASSESSMENT 3 - SPACEECONOSIM\SPACEECONOSIM 2010 SFML2\SPACEECONSIM\DEBUG\SPACEECONSIM.EXE.INTERMEDIATE.MANIFEST
M:\Qantm\GAM302\Assessment 3 - SpaceEconoSim\SpaceEconoSim 2010 sfml2\SpaceEconSim\Debug\SpaceEconSim_manifest.rc
M:\QANTM\GAM302\ASSESSMENT 3 - SPACEECONOSIM\SPACEECONOSIM 2010 SFML2\SPACEECONSIM\DEBUG\STARSYSTEM.OBJ
M:\QANTM\GAM302\ASSESSMENT 3 - SPACEECONOSIM\SPACEECONOSIM 2010 SFML2\SPACEECONSIM\DEBUG\TRADER.OBJ
M:\Qantm\GAM302\Assessment 3 - SpaceEconoSim\SpaceEconoSim 2010 sfml2\SpaceEconSim\Debug\vc100.idb
M:\QANTM\GAM302\ASSESSMENT 3 - SPACEECONOSIM\SPACEECONOSIM 2010 SFML2\SPACEECONSIM\DEBUG\VC100.PDB
M:\QANTM\GAM302\ASSESSMENT 3 - SPACEECONOSIM\SPACEECONOSIM 2010 SFML2\SPACEECONSIM\DEBUG\WINDOWMANAGER.OBJ
