Build started 10/05/2012 5:08:16 AM.
     1>Project "M:\Qantm\GAM302\Assessment 3 - SpaceEconoSim\SpaceEconoSim 2010 sfml2\SpaceEconSim\SpaceEconSim.vcxproj" on node 2 (build target(s)).
     1>InitializeBuildStatus:
         Creating "Debug\SpaceEconSim.unsuccessfulbuild" because "AlwaysCreate" was specified.
       ClCompile:
         C:\Program Files (x86)\Microsoft Visual Studio 10.0\VC\bin\CL.exe /c /ZI /nologo /W3 /WX- /Od /Oy- /D WIN32 /D _DEBUG /D _WINDOWS /D _UNICODE /D UNICODE /Gm /EHsc /RTC1 /MDd /GS /fp:precise /Zc:wchar_t /Zc:forScope /Fo"Debug\\" /Fd"Debug\vc100.pdb" /Gd /TP /analyze- /errorReport:prompt GameInst.cpp Planet.cpp
         Planet.cpp
         GameInst.cpp
         Generating Code...
       ManifestResourceCompile:
         All outputs are up-to-date.
       Link:
         C:\Program Files (x86)\Microsoft Visual Studio 10.0\VC\bin\link.exe /ERRORREPORT:PROMPT /OUT:"M:\Qantm\GAM302\Assessment 3 - SpaceEconoSim\SpaceEconoSim 2010 sfml2\Debug\SpaceEconSim.exe" /INCREMENTAL /NOLOGO "sfml-window-d.lib" "sfml-graphics-d.lib" "sfml-system-d.lib" "sfgui-d.lib" kernel32.lib user32.lib gdi32.lib winspool.lib comdlg32.lib advapi32.lib shell32.lib ole32.lib oleaut32.lib uuid.lib odbc32.lib odbccp32.lib /MANIFEST /ManifestFile:"Debug\SpaceEconSim.exe.intermediate.manifest" /MANIFESTUAC:"level='asInvoker' uiAccess='false'" /DEBUG /PDB:"M:\Qantm\GAM302\Assessment 3 - SpaceEconoSim\SpaceEconoSim 2010 sfml2\Debug\SpaceEconSim.pdb" /SUBSYSTEM:WINDOWS /TLBID:1 /DYNAMICBASE /NXCOMPAT /IMPLIB:"M:\Qantm\GAM302\Assessment 3 - SpaceEconoSim\SpaceEconoSim 2010 sfml2\Debug\SpaceEconSim.lib" /MACHINE:X86 Debug\SpaceEconSim.exe.embed.manifest.res
         Debug\App.obj
         Debug\AsteroidBelt.obj
         Debug\Game.obj
         Debug\GameHelpers.obj
         Debug\GameInst.obj
         Debug\guicon.obj
         Debug\GUIManager.obj
         Debug\GUI_CompanyDetail.obj
         Debug\GUI_SettlementDetail.obj
         Debug\GUI_SettlementList.obj
         Debug\GUI_SystemDetail.obj
         Debug\GUI_SystemList.obj
         Debug\GUI_TraderDetail.obj
         Debug\GUI_TraderList.obj
         Debug\HabitableObject.obj
         Debug\Helpers.obj
         Debug\Infrastructure.obj
         Debug\Main.obj
         Debug\MainMenu.obj
         Debug\OptionsMenu.obj
         Debug\Planet.obj
         Debug\Population.obj
         Debug\Production.obj
         Debug\Renderer.obj
         Debug\ResourceManager.obj
         Debug\Scene.obj
         Debug\SceneManager.obj
         Debug\SceneTraversals.obj
         Debug\SelectListener.obj
         Debug\Ship.obj
         Debug\StarSystem.obj
         Debug\Trader.obj
         Debug\WindowManager.obj
       Manifest:
         C:\Program Files (x86)\Microsoft SDKs\Windows\v7.0A\bin\mt.exe /nologo /verbose /out:"Debug\SpaceEconSim.exe.embed.manifest" /manifest Debug\SpaceEconSim.exe.intermediate.manifest
         All outputs are up-to-date.
       LinkEmbedManifest:
         All outputs are up-to-date.
         SpaceEconSim.vcxproj -> M:\Qantm\GAM302\Assessment 3 - SpaceEconoSim\SpaceEconoSim 2010 sfml2\Debug\SpaceEconSim.exe
       FinalizeBuildStatus:
         Deleting file "Debug\SpaceEconSim.unsuccessfulbuild".
         Touching "Debug\SpaceEconSim.lastbuildstate".
     1>Done Building Project "M:\Qantm\GAM302\Assessment 3 - SpaceEconoSim\SpaceEconoSim 2010 sfml2\SpaceEconSim\SpaceEconSim.vcxproj" (build target(s)).

Build succeeded.

Time Elapsed 00:00:02.45
